SF:lib\models\catergory_model.dart
DA:8,7
DA:10,0
DA:11,0
DA:13,0
DA:14,0
DA:15,0
DA:19,0
LF:7
LH:1
end_of_record
SF:lib\models\product_model.dart
DA:12,9
DA:21,0
DA:23,0
DA:26,0
DA:27,0
DA:28,0
DA:29,0
DA:30,0
DA:31,0
DA:32,0
DA:33,0
DA:40,3
LF:12
LH:2
end_of_record
SF:lib\screens\catalog\catalog_screen.dart
DA:12,2
DA:15,0
DA:17,0
DA:20,1
DA:22,8
DA:23,1
DA:24,1
DA:25,2
DA:28,1
DA:31,1
DA:32,0
DA:33,0
LF:12
LH:8
end_of_record
SF:lib\widgets\product_card.dart
DA:13,0
DA:19,0
DA:21,0
DA:23,0
DA:24,0
DA:25,0
DA:27,0
DA:28,0
DA:29,0
DA:30,0
DA:32,0
DA:33,0
DA:45,0
DA:47,0
DA:48,0
DA:49,0
DA:51,0
DA:52,0
DA:54,0
DA:55,0
DA:56,0
DA:57,0
DA:60,0
DA:61,0
DA:62,0
DA:63,0
DA:64,0
DA:65,0
DA:66,0
DA:67,0
DA:68,0
DA:75,0
DA:76,0
DA:77,0
DA:78,0
DA:79,0
DA:80,0
DA:85,0
DA:86,0
DA:87,0
DA:90,0
DA:91,0
DA:92,0
DA:93,0
DA:95,0
DA:96,0
DA:99,0
DA:100,0
DA:112,0
DA:113,0
DA:114,0
DA:115,0
DA:116,0
DA:117,0
DA:118,0
DA:119,0
DA:121,0
DA:122,0
DA:126,0
DA:127,0
DA:128,0
DA:137,0
LF:62
LH:0
end_of_record
SF:lib\blocs\cart\cart_state.dart
DA:4,0
DA:8,0
DA:9,0
DA:14,0
DA:15,0
DA:16,0
DA:20,0
DA:21,0
LF:8
LH:0
end_of_record
SF:lib\blocs\cart\cart_event.dart
DA:4,0
DA:8,0
DA:9,0
DA:15,0
DA:16,0
DA:17,0
DA:23,0
DA:24,0
DA:25,0
LF:9
LH:0
end_of_record
SF:lib\blocs\cart\cart_bloc.dart
DA:12,0
DA:13,0
DA:14,0
DA:15,0
DA:18,0
DA:19,0
DA:21,0
DA:22,0
DA:26,0
DA:27,0
DA:28,0
DA:30,0
DA:31,0
DA:32,0
DA:37,0
DA:38,0
DA:39,0
DA:41,0
DA:42,0
DA:43,0
DA:44,0
LF:21
LH:0
end_of_record
SF:lib\models\cart_model.dart
DA:8,8
DA:10,0
DA:12,0
DA:13,0
DA:20,0
DA:21,0
DA:24,0
DA:25,0
DA:29,0
DA:30,0
DA:33,0
DA:35,0
DA:37,0
DA:38,0
DA:40,0
DA:41,0
DA:43,0
DA:44,0
DA:45,0
DA:46,0
DA:47,0
DA:49,0
LF:22
LH:1
end_of_record
SF:lib\blocs\category\category_state.dart
DA:4,0
DA:6,0
DA:7,0
DA:16,0
DA:17,0
DA:18,0
LF:6
LH:0
end_of_record
SF:lib\blocs\category\category_bloc.dart
DA:17,0
DA:19,0
DA:20,0
DA:21,0
DA:25,0
DA:26,0
DA:27,0
DA:28,0
DA:29,0
DA:31,0
DA:32,0
LF:11
LH:0
end_of_record
SF:lib\blocs\category\category_event.dart
DA:4,0
DA:6,0
DA:7,0
DA:15,0
DA:17,0
DA:18,0
LF:6
LH:0
end_of_record
SF:lib\repositories\category\category_repository.dart
DA:8,0
DA:9,0
DA:11,0
DA:13,0
DA:14,0
LF:5
LH:0
end_of_record
SF:lib\blocs\products\products_bloc.dart
DA:16,0
DA:18,0
DA:19,0
DA:20,0
DA:21,0
DA:24,0
DA:25,0
DA:26,0
DA:27,0
DA:28,0
DA:31,0
DA:32,0
DA:33,0
DA:36,0
DA:38,0
DA:39,0
DA:41,0
DA:45,0
DA:47,0
DA:48,0
LF:20
LH:0
end_of_record
SF:lib\blocs\products\products_event.dart
DA:4,0
DA:8,0
DA:9,0
DA:15,0
DA:17,0
DA:18,0
DA:24,0
DA:26,0
DA:27,0
LF:9
LH:0
end_of_record
SF:lib\blocs\products\products_state.dart
DA:4,0
DA:6,0
DA:7,0
DA:15,0
DA:17,0
DA:18,0
LF:6
LH:0
end_of_record
SF:lib\repositories\product\product_repository.dart
DA:11,0
DA:12,0
DA:14,0
DA:16,0
DA:17,0
DA:18,0
DA:19,0
DA:20,0
DA:24,0
DA:27,0
DA:28,0
DA:29,0
DA:30,0
DA:31,0
DA:32,0
DA:33,0
DA:36,0
LF:17
LH:0
end_of_record
SF:lib\blocs\wishlist\wishlist_bloc.dart
DA:10,0
DA:11,0
DA:12,0
DA:13,0
DA:17,0
DA:18,0
DA:20,0
DA:21,0
DA:25,0
DA:26,0
DA:27,0
DA:29,0
DA:30,0
DA:31,0
DA:32,0
DA:40,0
DA:42,0
DA:43,0
DA:45,0
DA:46,0
DA:47,0
DA:48,0
LF:22
LH:0
end_of_record
SF:lib\blocs\wishlist\wishlist_event.dart
DA:4,0
DA:6,0
DA:7,0
DA:15,0
DA:17,0
DA:18,0
DA:24,0
DA:26,0
DA:27,0
LF:9
LH:0
end_of_record
SF:lib\blocs\wishlist\wishlist_state.dart
DA:4,6
DA:6,0
DA:7,0
DA:15,6
DA:17,0
DA:18,0
LF:6
LH:2
end_of_record
SF:lib\models\wishlist_model.dart
DA:7,6
DA:8,0
DA:9,0
LF:3
LH:1
end_of_record
SF:lib\screens\home\home_screen.dart
DA:17,8
DA:20,1
DA:21,1
DA:22,1
DA:27,2
DA:29,2
DA:34,2
DA:35,2
DA:36,2
DA:37,0
DA:38,0
DA:39,0
DA:41,0
DA:42,0
DA:43,0
DA:48,0
DA:49,0
DA:50,0
DA:60,2
DA:61,0
DA:62,0
DA:63,0
DA:66,0
DA:67,0
DA:68,0
DA:69,0
DA:70,0
DA:79,2
DA:80,0
DA:81,0
DA:84,0
DA:85,0
DA:86,0
DA:88,0
LF:34
LH:11
end_of_record
SF:lib\widgets\custom_app_bar.dart
DA:7,15
DA:11,2
DA:13,5
DA:15,5
DA:18,5
DA:19,5
DA:21,5
DA:22,5
DA:23,5
DA:24,5
DA:25,5
DA:26,5
DA:29,5
DA:30,5
DA:31,5
DA:32,5
DA:33,0
DA:34,0
DA:44,0
DA:47,5
DA:48,5
LF:21
LH:18
end_of_record
SF:lib\widgets\custom_nav_bar.dart
DA:4,13
DA:6,0
DA:8,3
DA:10,3
DA:11,3
DA:12,3
DA:14,3
DA:16,3
DA:17,3
DA:18,0
DA:19,0
DA:25,3
DA:26,0
DA:27,0
DA:33,3
DA:34,0
DA:35,0
LF:17
LH:10
end_of_record
SF:lib\widgets\product_carousal.dart
DA:8,0
DA:11,0
DA:13,0
DA:15,0
DA:17,0
DA:21,0
DA:22,0
DA:23,0
DA:25,0
DA:26,0
LF:10
LH:0
end_of_record
SF:lib\widgets\hero_carousal_card.dart
DA:8,2
DA:10,1
DA:12,1
DA:13,0
DA:14,0
DA:15,0
DA:18,1
DA:20,1
DA:22,1
DA:23,1
DA:24,4
DA:26,1
DA:30,1
DA:43,1
DA:44,1
DA:45,4
LF:16
LH:13
end_of_record
SF:lib\widgets\section_title.dart
DA:5,6
DA:8,0
DA:10,0
DA:12,0
DA:14,0
DA:16,0
DA:17,0
DA:18,0
LF:8
LH:1
end_of_record
SF:lib\screens\cart\cart_screen.dart
DA:14,3
DA:17,0
DA:19,0
DA:22,0
DA:24,0
DA:28,0
DA:29,0
DA:30,0
DA:32,0
DA:34,0
DA:35,0
DA:36,0
DA:37,0
DA:38,0
DA:40,0
DA:42,0
DA:43,0
DA:50,0
DA:51,0
DA:52,0
DA:57,0
DA:58,0
DA:61,0
DA:63,0
DA:64,0
DA:65,0
DA:66,0
DA:68,0
DA:69,0
DA:70,0
DA:71,0
DA:72,0
DA:73,0
DA:74,0
DA:75,0
DA:76,0
DA:78,0
DA:79,0
DA:83,0
DA:84,0
DA:85,0
DA:86,0
DA:87,0
DA:93,0
DA:94,0
DA:95,0
DA:96,0
DA:97,0
DA:98,0
DA:99,0
DA:100,0
DA:101,0
DA:102,0
DA:103,0
DA:104,0
DA:105,0
DA:106,0
DA:107,0
DA:108,0
DA:109,0
DA:110,0
LF:61
LH:1
end_of_record
SF:lib\screens\checkout\checkout_screen.dart
DA:12,5
DA:15,0
DA:17,0
DA:20,1
DA:22,1
DA:27,1
DA:28,1
DA:29,1
DA:31,1
DA:33,1
DA:34,1
DA:35,0
DA:36,0
DA:41,0
DA:42,0
DA:44,0
DA:45,0
DA:47,0
DA:48,0
DA:49,0
DA:50,0
DA:52,0
DA:54,0
DA:55,0
DA:56,0
DA:57,0
DA:68,1
DA:70,1
DA:71,0
DA:72,0
DA:77,0
DA:80,0
DA:83,0
DA:84,0
DA:86,0
DA:87,0
DA:88,0
DA:89,0
DA:91,0
DA:93,0
DA:94,0
DA:96,0
DA:98,0
DA:99,0
DA:101,0
DA:103,0
DA:104,0
DA:105,0
DA:106,0
DA:108,0
DA:110,0
DA:111,0
DA:113,0
DA:114,0
DA:116,0
DA:118,0
DA:119,0
DA:121,0
DA:123,0
DA:124,0
DA:126,0
DA:128,0
DA:129,0
DA:130,0
DA:131,0
DA:144,0
DA:146,0
DA:148,0
DA:149,0
DA:151,0
DA:152,0
DA:153,0
DA:155,0
DA:157,0
DA:158,0
DA:159,0
DA:160,0
DA:163,0
DA:164,0
LF:79
LH:11
end_of_record
SF:lib\blocs\checkout\checkout_state.dart
DA:4,0
DA:5,0
DA:6,0
DA:24,0
DA:35,0
DA:47,0
DA:48,0
DA:49,0
DA:50,0
DA:51,0
DA:52,0
DA:53,0
DA:54,0
DA:55,0
DA:56,0
DA:57,0
DA:58,0
LF:17
LH:0
end_of_record
SF:lib\blocs\checkout\checkout_bloc.dart
DA:22,0
DA:27,0
DA:28,0
DA:29,0
DA:30,0
DA:31,0
DA:33,0
DA:34,0
DA:35,0
DA:37,0
DA:38,0
DA:40,0
DA:41,0
DA:42,0
DA:47,0
DA:48,0
DA:49,0
DA:50,0
DA:51,0
DA:52,0
DA:53,0
DA:54,0
DA:55,0
DA:56,0
DA:57,0
DA:58,0
DA:59,0
DA:60,0
DA:65,0
DA:66,0
DA:67,0
DA:68,0
DA:70,0
DA:71,0
LF:34
LH:0
end_of_record
SF:lib\blocs\checkout\checkout_event.dart
DA:4,0
DA:16,0
DA:25,0
DA:27,0
DA:33,0
DA:35,0
DA:36,0
LF:7
LH:0
end_of_record
SF:lib\models\checkout_model.dart
DA:16,0
DA:28,0
DA:29,0
DA:30,0
DA:31,0
DA:32,0
DA:33,0
DA:34,0
DA:35,0
DA:36,0
DA:37,0
DA:38,0
DA:39,0
DA:43,0
DA:44,0
DA:45,0
DA:46,0
DA:47,0
DA:48,0
DA:50,0
DA:52,0
DA:53,0
DA:54,0
DA:55,0
DA:56,0
DA:57,0
LF:26
LH:0
end_of_record
SF:lib\repositories\checkout\checkout_repository.dart
DA:8,0
DA:9,0
DA:11,0
DA:13,0
LF:4
LH:0
end_of_record
SF:lib\screens\Splash\splash_screen.dart
DA:15,3
DA:18,0
DA:19,0
DA:20,0
DA:25,0
DA:27,0
DA:29,0
DA:30,0
DA:31,0
DA:32,0
DA:33,0
LF:11
LH:1
end_of_record
SF:lib\widgets\cart_product_card.dart
DA:11,0
DA:13,0
DA:15,0
DA:17,0
DA:18,0
DA:19,0
DA:20,0
DA:26,0
DA:27,0
DA:29,0
DA:30,0
DA:32,0
DA:33,0
DA:34,0
DA:35,0
DA:37,0
DA:39,0
DA:40,0
DA:41,0
DA:42,0
DA:49,0
DA:50,0
DA:51,0
DA:52,0
DA:53,0
DA:55,0
DA:56,0
DA:59,0
DA:64,0
DA:66,0
DA:67,0
DA:68,0
DA:69,0
DA:70,0
DA:71,0
DA:72,0
DA:74,0
DA:75,0
DA:78,0
LF:39
LH:0
end_of_record
SF:lib\widgets\order_summary.dart
DA:6,6
DA:8,0
DA:10,0
DA:11,0
DA:12,0
DA:17,0
DA:18,0
DA:19,0
DA:20,0
DA:23,0
DA:24,0
DA:28,0
DA:30,0
DA:31,0
DA:32,0
DA:33,0
DA:34,0
DA:35,0
DA:36,0
DA:37,0
DA:38,0
DA:39,0
DA:40,0
DA:44,0
DA:46,0
DA:47,0
DA:48,0
DA:49,0
DA:50,0
DA:51,0
DA:52,0
DA:53,0
DA:54,0
DA:55,0
DA:56,0
DA:62,0
DA:63,0
DA:64,0
DA:65,0
DA:67,0
DA:68,0
DA:71,0
DA:72,0
DA:78,0
DA:80,0
DA:82,0
DA:83,0
DA:84,0
DA:85,0
DA:86,0
DA:87,0
DA:88,0
DA:89,0
DA:90,0
DA:91,0
DA:92,0
LF:56
LH:1
end_of_record
SF:lib\screens\product\product_detail.dart
DA:14,2
DA:19,0
DA:20,0
DA:22,0
DA:26,1
DA:28,1
DA:29,3
DA:30,1
DA:31,1
DA:32,1
DA:34,1
DA:36,1
DA:37,1
DA:38,0
DA:44,1
DA:45,0
DA:46,0
DA:47,0
DA:49,0
DA:50,0
DA:53,0
DA:62,1
DA:63,0
DA:64,0
DA:65,0
DA:66,0
DA:67,0
DA:71,0
DA:72,0
DA:74,0
DA:76,0
DA:77,0
DA:78,0
DA:79,0
DA:87,1
DA:88,1
DA:89,1
DA:90,1
DA:95,1
DA:96,1
DA:97,1
DA:100,1
DA:102,1
DA:103,1
DA:104,1
DA:105,1
DA:107,3
DA:110,1
DA:112,4
DA:115,1
DA:117,1
DA:119,1
DA:120,1
DA:121,2
DA:122,1
DA:123,1
DA:124,1
DA:125,1
DA:127,4
DA:128,1
DA:129,1
DA:130,1
DA:131,1
DA:139,1
DA:141,1
DA:142,1
DA:143,1
DA:144,1
DA:145,1
DA:146,1
DA:147,1
DA:148,1
DA:149,1
DA:151,1
DA:152,1
DA:153,1
DA:154,1
DA:160,1
DA:162,1
DA:163,1
DA:164,1
DA:165,1
DA:166,1
DA:167,1
DA:168,1
DA:169,1
DA:170,1
DA:172,1
DA:173,1
DA:174,1
DA:175,1
LF:91
LH:69
end_of_record
SF:lib\config\theme.dart
DA:3,1
DA:4,1
DA:7,1
DA:11,1
LF:4
LH:4
end_of_record
SF:lib\main.dart
DA:22,0
DA:23,0
DA:25,0
DA:26,0
DA:28,0
DA:32,2
DA:34,1
DA:36,1
DA:37,1
DA:38,1
DA:39,1
DA:40,1
DA:41,0
DA:42,0
DA:43,0
DA:44,1
DA:45,0
DA:46,0
DA:47,1
DA:48,0
DA:49,0
DA:50,0
DA:52,1
DA:53,1
LF:24
LH:11
end_of_record
SF:lib\config\app_router.dart
DA:18,1
DA:19,1
DA:20,1
DA:21,1
DA:22,1
DA:23,0
DA:24,1
DA:25,0
DA:26,1
DA:27,0
DA:28,0
DA:30,1
DA:31,0
DA:33,1
DA:34,0
DA:35,1
DA:36,0
DA:37,1
DA:38,1
DA:39,0
DA:40,0
DA:43,0
DA:47,0
DA:48,0
DA:50,0
DA:51,0
LF:26
LH:12
end_of_record
SF:lib\screens\auth\LoginPage.dart
DA:11,0
DA:13,0
DA:14,0
DA:16,0
DA:18,0
DA:25,0
DA:26,0
DA:27,0
DA:34,0
DA:35,0
DA:36,0
DA:38,0
DA:39,0
DA:42,0
DA:43,0
DA:47,0
DA:48,0
DA:49,0
DA:50,0
DA:51,0
DA:52,0
DA:53,0
DA:54,0
DA:55,0
DA:56,0
DA:57,0
DA:66,0
DA:67,0
DA:68,0
DA:73,0
DA:75,0
DA:76,0
DA:77,0
DA:78,0
DA:79,0
DA:80,0
DA:81,0
DA:82,0
DA:83,0
DA:84,0
DA:86,0
DA:87,0
DA:95,0
DA:96,0
DA:97,0
DA:98,0
DA:101,0
DA:102,0
DA:103,0
DA:105,0
DA:106,0
DA:107,0
DA:108,0
DA:110,0
DA:111,0
DA:112,0
DA:113,0
DA:115,0
DA:118,0
DA:120,0
DA:121,0
DA:122,0
DA:124,0
DA:131,0
DA:132,0
DA:136,0
DA:139,0
DA:142,0
DA:143,0
DA:144,0
DA:146,0
DA:153,0
DA:154,0
DA:158,0
DA:159,0
DA:160,0
DA:161,0
DA:162,0
DA:164,0
DA:171,0
DA:174,0
DA:176,0
DA:177,0
DA:178,0
DA:179,0
DA:181,0
DA:182,0
DA:186,0
DA:187,0
DA:188,0
DA:193,0
LF:91
LH:0
end_of_record
SF:lib\screens\auth\SignupPage.dart
DA:11,2
DA:13,1
DA:14,1
DA:16,2
DA:18,2
DA:25,0
DA:26,0
DA:27,0
DA:35,0
DA:36,0
DA:37,0
DA:38,0
DA:40,0
DA:41,0
DA:42,0
DA:43,0
DA:46,0
DA:47,0
DA:48,0
DA:49,0
DA:50,0
DA:51,0
DA:52,0
DA:53,0
DA:54,0
DA:55,0
DA:56,0
DA:57,0
DA:58,0
DA:66,0
DA:67,0
DA:68,0
DA:73,1
DA:75,1
DA:76,1
DA:77,1
DA:78,1
DA:79,1
DA:80,1
DA:81,1
DA:82,1
DA:83,1
DA:84,1
DA:86,1
DA:87,1
DA:95,1
DA:96,1
DA:97,1
DA:98,4
DA:101,1
DA:102,1
DA:103,1
DA:105,1
DA:106,1
DA:107,0
DA:108,0
DA:110,1
DA:111,1
DA:112,0
DA:113,0
DA:115,1
DA:118,1
DA:120,1
DA:121,1
DA:122,1
DA:124,1
DA:131,1
DA:132,1
DA:136,1
DA:139,1
DA:142,1
DA:143,1
DA:144,1
DA:146,1
DA:153,1
DA:154,1
DA:158,1
DA:161,1
DA:162,1
DA:163,1
DA:165,1
DA:172,1
DA:173,1
DA:177,2
DA:178,2
DA:179,1
DA:182,1
DA:184,1
DA:185,1
DA:186,0
DA:187,0
DA:189,1
DA:191,1
DA:197,1
DA:198,1
DA:199,1
DA:204,1
LF:97
LH:64
end_of_record
SF:lib\screens\wishlist\wishlist_screen.dart
DA:10,1
DA:13,0
DA:15,0
DA:18,0
DA:20,0
DA:25,0
DA:26,0
DA:27,0
DA:32,0
DA:33,0
DA:38,0
DA:39,0
DA:40,0
DA:42,0
DA:43,0
LF:15
LH:1
end_of_record
SF:lib\firebase_options.dart
DA:18,0
DA:22,0
DA:23,0
DA:25,0
DA:26,0
DA:30,0
DA:31,0
DA:35,0
DA:36,0
DA:40,0
DA:41,0
DA:46,0
LF:12
LH:0
end_of_record
